-------------------------------------------------------------------------------
Test set: com.filter.AppTest
-------------------------------------------------------------------------------
Tests run: 3, Failures: 2, Errors: 0, Skipped: 0, Time elapsed: 0.101 s <<< FAILURE! - in com.filter.AppTest
testFilterFiles(com.filter.AppTest)  Time elapsed: 0.053 s  <<< FAILURE!
java.lang.AssertionError
	at com.filter.AppTest.testFilterFiles(AppTest.java:34)

testFilterFilesWithPrefix(com.filter.AppTest)  Time elapsed: 0.01 s  <<< FAILURE!
java.lang.AssertionError
	at com.filter.AppTest.testFilterFilesWithPrefix(AppTest.java:66)

